<?xml version="1.0" encoding="UTF-8"?>
<coverage generated="1526611582165" clover="3.2.0">
  <project timestamp="1526611582165" name="All files">
    <metrics statements="4" coveredstatements="4" conditionals="0" coveredconditionals="0" methods="3" coveredmethods="3" elements="7" coveredelements="7" complexity="0" loc="4" ncloc="4" packages="1" files="1" classes="1">
      <file name="maths.js" path="/Applications/github/rollup-library-seed/src/maths.js">
        <metrics statements="4" coveredstatements="4" conditionals="0" coveredconditionals="0" methods="3" coveredmethods="3"/>
        <line num="3" count="1" type="stmt"/>
        <line num="6" count="1" type="stmt"/>
        <line num="10" count="1" type="stmt"/>
        <line num="14" count="1" type="stmt"/>
      </file>
    </metrics>
  </project>
</coverage>
